# JRE version: OpenJDK Runtime Environment Temurin-21.0.10+7 (21.0.10+7) (build 21.0.10+7-LTS)
# Java VM: OpenJDK 64-Bit Server VM Temurin-21.0.10+7 (21.0.10+7-LTS, mixed mode, sharing, tiered, compressed oops, compressed class ptrs, parallel gc, windows-amd64)
GC Precious Log:
 CardTable entry size: 512
 CPUs: 8 total, 8 available
 Memory: 16110M
 Large Page Support: Disabled
 NUMA Support: Disabled
 Compressed Oops: Enabled (32-bit)
 Alignments: Space 512K, Generation 512K, Heap 2M
 Heap Min Capacity: 100M
 Heap Initial Capacity: 100M
 Heap Max Capacity: 2G
 Pre-touch: Disabled
 Parallel Workers: 8
Heap:
 PSYoungGen      total 5632K, used 2579K [0x00000000d5580000, 0x00000000d5c00000, 0x0000000100000000)
  eden space 5120K, 44% used [0x00000000d5580000,0x00000000d57bccd0,0x00000000d5a80000)
  from space 512K, 56% used [0x00000000d5b00000,0x00000000d5b48000,0x00000000d5b80000)
  to   space 512K, 0% used [0x00000000d5b80000,0x00000000d5b80000,0x00000000d5c00000)
 ParOldGen       total 329728K, used 329723K [0x0000000080000000, 0x0000000094200000, 0x00000000d5580000)
  object space 329728K, 99% used [0x0000000080000000,0x00000000941fee58,0x0000000094200000)
 Metaspace       used 70156K, committed 71872K, reserved 1114112K
  class space    used 7365K, committed 8128K, reserved 1048576K
GC Heap History (20 events):
Event: 51.021 GC heap before
{Heap before GC invocations=885 (full 3):
 PSYoungGen      total 5632K, used 5504K [0x00000000d5580000, 0x00000000d5c00000, 0x0000000100000000)
  eden space 5120K, 100% used [0x00000000d5580000,0x00000000d5a80000,0x00000000d5a80000)
  from space 512K, 75% used [0x00000000d5b00000,0x00000000d5b60000,0x00000000d5b80000)
  to   space 512K, 0% used [0x00000000d5b80000,0x00000000d5b80000,0x00000000d5c00000)
 ParOldGen       total 328192K, used 327734K [0x0000000080000000, 0x0000000094080000, 0x00000000d5580000)
  object space 328192K, 99% used [0x0000000080000000,0x000000009400da08,0x0000000094080000)
 Metaspace       used 69538K, committed 71232K, reserved 1114112K
  class space    used 7315K, committed 8064K, reserved 1048576K
}
Event: 51.026 GC heap after
{Heap after GC invocations=885 (full 3):
 PSYoungGen      total 5632K, used 384K [0x00000000d5580000, 0x00000000d5c00000, 0x0000000100000000)
  eden space 5120K, 0% used [0x00000000d5580000,0x00000000d5580000,0x00000000d5a80000)
  from space 512K, 75% used [0x00000000d5b80000,0x00000000d5be0000,0x00000000d5c00000)
  to   space 512K, 0% used [0x00000000d5b00000,0x00000000d5b00000,0x00000000d5b80000)
 ParOldGen       total 328192K, used 327915K [0x0000000080000000, 0x0000000094080000, 0x00000000d5580000)
  object space 328192K, 99% used [0x0000000080000000,0x000000009403ae68,0x0000000094080000)
 Metaspace       used 69538K, committed 71232K, reserved 1114112K
  class space    used 7315K, committed 8064K, reserved 1048576K
}
Event: 51.181 GC heap before
{Heap before GC invocations=886 (full 3):
 PSYoungGen      total 5632K, used 5504K [0x00000000d5580000, 0x00000000d5c00000, 0x0000000100000000)
  eden space 5120K, 100% used [0x00000000d5580000,0x00000000d5a80000,0x00000000d5a80000)
  from space 512K, 75% used [0x00000000d5b80000,0x00000000d5be0000,0x00000000d5c00000)
  to   space 512K, 0% used [0x00000000d5b00000,0x00000000d5b00000,0x00000000d5b80000)
 ParOldGen       total 328192K, used 327915K [0x0000000080000000, 0x0000000094080000, 0x00000000d5580000)
  object space 328192K, 99% used [0x0000000080000000,0x000000009403ae68,0x0000000094080000)
 Metaspace       used 69602K, committed 71296K, reserved 1114112K
  class space    used 7320K, committed 8064K, reserved 1048576K
}
Event: 51.182 GC heap after
{Heap after GC invocations=886 (full 3):
 PSYoungGen      total 5632K, used 448K [0x00000000d5580000, 0x00000000d5c00000, 0x0000000100000000)
  eden space 5120K, 0% used [0x00000000d5580000,0x00000000d5580000,0x00000000d5a80000)
  from space 512K, 87% used [0x00000000d5b00000,0x00000000d5b70000,0x00000000d5b80000)
  to   space 512K, 0% used [0x00000000d5b80000,0x00000000d5b80000,0x00000000d5c00000)
 ParOldGen       total 328192K, used 328117K [0x0000000080000000, 0x0000000094080000, 0x00000000d5580000)
  object space 328192K, 99% used [0x0000000080000000,0x000000009406d5d0,0x0000000094080000)
 Metaspace       used 69602K, committed 71296K, reserved 1114112K
  class space    used 7320K, committed 8064K, reserved 1048576K
}
Event: 51.330 GC heap before
{Heap before GC invocations=887 (full 3):
 PSYoungGen      total 5632K, used 5568K [0x00000000d5580000, 0x00000000d5c00000, 0x0000000100000000)
  eden space 5120K, 100% used [0x00000000d5580000,0x00000000d5a80000,0x00000000d5a80000)
  from space 512K, 87% used [0x00000000d5b00000,0x00000000d5b70000,0x00000000d5b80000)
  to   space 512K, 0% used [0x00000000d5b80000,0x00000000d5b80000,0x00000000d5c00000)
 ParOldGen       total 328192K, used 328117K [0x0000000080000000, 0x0000000094080000, 0x00000000d5580000)
  object space 328192K, 99% used [0x0000000080000000,0x000000009406d5d0,0x0000000094080000)
 Metaspace       used 69733K, committed 71424K, reserved 1114112K
  class space    used 7332K, committed 8064K, reserved 1048576K
}
Event: 51.332 GC heap after
{Heap after GC invocations=887 (full 3):
 PSYoungGen      total 5632K, used 448K [0x00000000d5580000, 0x00000000d5c00000, 0x0000000100000000)
  eden space 5120K, 0% used [0x00000000d5580000,0x00000000d5580000,0x00000000d5a80000)
  from space 512K, 87% used [0x00000000d5b80000,0x00000000d5bf0000,0x00000000d5c00000)
  to   space 512K, 0% used [0x00000000d5b00000,0x00000000d5b00000,0x00000000d5b80000)
 ParOldGen       total 328704K, used 328275K [0x0000000080000000, 0x0000000094100000, 0x00000000d5580000)
  object space 328704K, 99% used [0x0000000080000000,0x0000000094094fa0,0x0000000094100000)
 Metaspace       used 69733K, committed 71424K, reserved 1114112K
  class space    used 7332K, committed 8064K, reserved 1048576K
}
Event: 51.495 GC heap before
{Heap before GC invocations=888 (full 3):
 PSYoungGen      total 5632K, used 5568K [0x00000000d5580000, 0x00000000d5c00000, 0x0000000100000000)
  eden space 5120K, 100% used [0x00000000d5580000,0x00000000d5a80000,0x00000000d5a80000)
  from space 512K, 87% used [0x00000000d5b80000,0x00000000d5bf0000,0x00000000d5c00000)
  to   space 512K, 0% used [0x00000000d5b00000,0x00000000d5b00000,0x00000000d5b80000)
 ParOldGen       total 328704K, used 328275K [0x0000000080000000, 0x0000000094100000, 0x00000000d5580000)
  object space 328704K, 99% used [0x0000000080000000,0x0000000094094fa0,0x0000000094100000)
 Metaspace       used 69790K, committed 71552K, reserved 1114112K
  class space    used 7338K, committed 8128K, reserved 1048576K
}
Event: 51.497 GC heap after
{Heap after GC invocations=888 (full 3):
 PSYoungGen      total 5632K, used 352K [0x00000000d5580000, 0x00000000d5c00000, 0x0000000100000000)
  eden space 5120K, 0% used [0x00000000d5580000,0x00000000d5580000,0x00000000d5a80000)
  from space 512K, 68% used [0x00000000d5b00000,0x00000000d5b58000,0x00000000d5b80000)
  to   space 512K, 0% used [0x00000000d5b80000,0x00000000d5b80000,0x00000000d5c00000)
 ParOldGen       total 328704K, used 328581K [0x0000000080000000, 0x0000000094100000, 0x00000000d5580000)
  object space 328704K, 99% used [0x0000000080000000,0x00000000940e14a8,0x0000000094100000)
 Metaspace       used 69790K, committed 71552K, reserved 1114112K
  class space    used 7338K, committed 8128K, reserved 1048576K
}
Event: 51.778 GC heap before
{Heap before GC invocations=889 (full 3):
 PSYoungGen      total 5632K, used 5472K [0x00000000d5580000, 0x00000000d5c00000, 0x0000000100000000)
  eden space 5120K, 100% used [0x00000000d5580000,0x00000000d5a80000,0x00000000d5a80000)
  from space 512K, 68% used [0x00000000d5b00000,0x00000000d5b58000,0x00000000d5b80000)
  to   space 512K, 0% used [0x00000000d5b80000,0x00000000d5b80000,0x00000000d5c00000)
 ParOldGen       total 328704K, used 328581K [0x0000000080000000, 0x0000000094100000, 0x00000000d5580000)
  object space 328704K, 99% used [0x0000000080000000,0x00000000940e14a8,0x0000000094100000)
 Metaspace       used 69844K, committed 71616K, reserved 1114112K
  class space    used 7343K, committed 8128K, reserved 1048576K
}
Event: 51.781 GC heap after
{Heap after GC invocations=889 (full 3):
 PSYoungGen      total 5632K, used 406K [0x00000000d5580000, 0x00000000d5c00000, 0x0000000100000000)
  eden space 5120K, 0% used [0x00000000d5580000,0x00000000d5580000,0x00000000d5a80000)
  from space 512K, 79% used [0x00000000d5b80000,0x00000000d5be5af8,0x00000000d5c00000)
  to   space 512K, 0% used [0x00000000d5b00000,0x00000000d5b00000,0x00000000d5b80000)
 ParOldGen       total 329216K, used 328736K [0x0000000080000000, 0x0000000094180000, 0x00000000d5580000)
  object space 329216K, 99% used [0x0000000080000000,0x0000000094108158,0x0000000094180000)
 Metaspace       used 69844K, committed 71616K, reserved 1114112K
  class space    used 7343K, committed 8128K, reserved 1048576K
}
Event: 51.937 GC heap before
{Heap before GC invocations=890 (full 3):
 PSYoungGen      total 5632K, used 5526K [0x00000000d5580000, 0x00000000d5c00000, 0x0000000100000000)
  eden space 5120K, 100% used [0x00000000d5580000,0x00000000d5a80000,0x00000000d5a80000)
  from space 512K, 79% used [0x00000000d5b80000,0x00000000d5be5af8,0x00000000d5c00000)
  to   space 512K, 0% used [0x00000000d5b00000,0x00000000d5b00000,0x00000000d5b80000)
 ParOldGen       total 329216K, used 328736K [0x0000000080000000, 0x0000000094180000, 0x00000000d5580000)
  object space 329216K, 99% used [0x0000000080000000,0x0000000094108158,0x0000000094180000)
 Metaspace       used 69933K, committed 71680K, reserved 1114112K
  class space    used 7353K, committed 8128K, reserved 1048576K
}
Event: 51.939 GC heap after
{Heap after GC invocations=890 (full 3):
 PSYoungGen      total 5632K, used 498K [0x00000000d5580000, 0x00000000d5c80000, 0x0000000100000000)
  eden space 5120K, 0% used [0x00000000d5580000,0x00000000d5580000,0x00000000d5a80000)
  from space 512K, 97% used [0x00000000d5b00000,0x00000000d5b7ca60,0x00000000d5b80000)
  to   space 1024K, 0% used [0x00000000d5b80000,0x00000000d5b80000,0x00000000d5c80000)
 ParOldGen       total 329216K, used 328917K [0x0000000080000000, 0x0000000094180000, 0x00000000d5580000)
  object space 329216K, 99% used [0x0000000080000000,0x0000000094135470,0x0000000094180000)
 Metaspace       used 69933K, committed 71680K, reserved 1114112K
  class space    used 7353K, committed 8128K, reserved 1048576K
}
Event: 52.019 GC heap before
{Heap before GC invocations=891 (full 3):
 PSYoungGen      total 5632K, used 5618K [0x00000000d5580000, 0x00000000d5c80000, 0x0000000100000000)
  eden space 5120K, 100% used [0x00000000d5580000,0x00000000d5a80000,0x00000000d5a80000)
  from space 512K, 97% used [0x00000000d5b00000,0x00000000d5b7ca60,0x00000000d5b80000)
  to   space 1024K, 0% used [0x00000000d5b80000,0x00000000d5b80000,0x00000000d5c80000)
 ParOldGen       total 329216K, used 328917K [0x0000000080000000, 0x0000000094180000, 0x00000000d5580000)
  object space 329216K, 99% used [0x0000000080000000,0x0000000094135470,0x0000000094180000)
 Metaspace       used 69966K, committed 71744K, reserved 1114112K
  class space    used 7353K, committed 8128K, reserved 1048576K
}
Event: 52.022 GC heap after
{Heap after GC invocations=891 (full 3):
 PSYoungGen      total 6144K, used 536K [0x00000000d5580000, 0x00000000d5c80000, 0x0000000100000000)
  eden space 5120K, 0% used [0x00000000d5580000,0x00000000d5580000,0x00000000d5a80000)
  from space 1024K, 52% used [0x00000000d5b80000,0x00000000d5c06370,0x00000000d5c80000)
  to   space 1024K, 0% used [0x00000000d5a80000,0x00000000d5a80000,0x00000000d5b80000)
 ParOldGen       total 329216K, used 329072K [0x0000000080000000, 0x0000000094180000, 0x00000000d5580000)
  object space 329216K, 99% used [0x0000000080000000,0x000000009415c0e0,0x0000000094180000)
 Metaspace       used 69966K, committed 71744K, reserved 1114112K
  class space    used 7353K, committed 8128K, reserved 1048576K
}
Event: 52.298 GC heap before
{Heap before GC invocations=892 (full 3):
 PSYoungGen      total 6144K, used 5656K [0x00000000d5580000, 0x00000000d5c80000, 0x0000000100000000)
  eden space 5120K, 100% used [0x00000000d5580000,0x00000000d5a80000,0x00000000d5a80000)
  from space 1024K, 52% used [0x00000000d5b80000,0x00000000d5c06370,0x00000000d5c80000)
  to   space 1024K, 0% used [0x00000000d5a80000,0x00000000d5a80000,0x00000000d5b80000)
 ParOldGen       total 329216K, used 329072K [0x0000000080000000, 0x0000000094180000, 0x00000000d5580000)
  object space 329216K, 99% used [0x0000000080000000,0x000000009415c0e0,0x0000000094180000)
 Metaspace       used 70007K, committed 71744K, reserved 1114112K
  class space    used 7354K, committed 8128K, reserved 1048576K
}
Event: 52.301 GC heap after
{Heap after GC invocations=892 (full 3):
 PSYoungGen      total 6144K, used 448K [0x00000000d5580000, 0x00000000d5c00000, 0x0000000100000000)
  eden space 5120K, 0% used [0x00000000d5580000,0x00000000d5580000,0x00000000d5a80000)
  from space 1024K, 43% used [0x00000000d5a80000,0x00000000d5af0010,0x00000000d5b80000)
  to   space 512K, 0% used [0x00000000d5b80000,0x00000000d5b80000,0x00000000d5c00000)
 ParOldGen       total 329728K, used 329242K [0x0000000080000000, 0x0000000094200000, 0x00000000d5580000)
  object space 329728K, 99% used [0x0000000080000000,0x0000000094186bb0,0x0000000094200000)
 Metaspace       used 70007K, committed 71744K, reserved 1114112K
  class space    used 7354K, committed 8128K, reserved 1048576K
}
Event: 52.480 GC heap before
{Heap before GC invocations=893 (full 3):
 PSYoungGen      total 6144K, used 5568K [0x00000000d5580000, 0x00000000d5c00000, 0x0000000100000000)
  eden space 5120K, 100% used [0x00000000d5580000,0x00000000d5a80000,0x00000000d5a80000)
  from space 1024K, 43% used [0x00000000d5a80000,0x00000000d5af0010,0x00000000d5b80000)
  to   space 512K, 0% used [0x00000000d5b80000,0x00000000d5b80000,0x00000000d5c00000)
 ParOldGen       total 329728K, used 329242K [0x0000000080000000, 0x0000000094200000, 0x00000000d5580000)
  object space 329728K, 99% used [0x0000000080000000,0x0000000094186bb0,0x0000000094200000)
 Metaspace       used 70044K, committed 71744K, reserved 1114112K
  class space    used 7354K, committed 8128K, reserved 1048576K
}
Event: 52.484 GC heap after
{Heap after GC invocations=893 (full 3):
 PSYoungGen      total 5632K, used 416K [0x00000000d5580000, 0x00000000d5c00000, 0x0000000100000000)
  eden space 5120K, 0% used [0x00000000d5580000,0x00000000d5580000,0x00000000d5a80000)
  from space 512K, 81% used [0x00000000d5b80000,0x00000000d5be8000,0x00000000d5c00000)
  to   space 512K, 0% used [0x00000000d5b00000,0x00000000d5b00000,0x00000000d5b80000)
 ParOldGen       total 329728K, used 329593K [0x0000000080000000, 0x0000000094200000, 0x00000000d5580000)
  object space 329728K, 99% used [0x0000000080000000,0x00000000941de480,0x0000000094200000)
 Metaspace       used 70044K, committed 71744K, reserved 1114112K
  class space    used 7354K, committed 8128K, reserved 1048576K
}
Event: 168.935 GC heap before
{Heap before GC invocations=894 (full 3):
 PSYoungGen      total 5632K, used 5535K [0x00000000d5580000, 0x00000000d5c00000, 0x0000000100000000)
  eden space 5120K, 99% used [0x00000000d5580000,0x00000000d5a7ffd0,0x00000000d5a80000)
  from space 512K, 81% used [0x00000000d5b80000,0x00000000d5be8000,0x00000000d5c00000)
  to   space 512K, 0% used [0x00000000d5b00000,0x00000000d5b00000,0x00000000d5b80000)
 ParOldGen       total 329728K, used 329593K [0x0000000080000000, 0x0000000094200000, 0x00000000d5580000)
  object space 329728K, 99% used [0x0000000080000000,0x00000000941de480,0x0000000094200000)
 Metaspace       used 70094K, committed 71808K, reserved 1114112K
  class space    used 7359K, committed 8128K, reserved 1048576K
}
Event: 168.938 GC heap after
{Heap after GC invocations=894 (full 3):
 PSYoungGen      total 5632K, used 288K [0x00000000d5580000, 0x00000000d5c00000, 0x0000000100000000)
  eden space 5120K, 0% used [0x00000000d5580000,0x00000000d5580000,0x00000000d5a80000)
  from space 512K, 56% used [0x00000000d5b00000,0x00000000d5b48000,0x00000000d5b80000)
  to   space 512K, 0% used [0x00000000d5b80000,0x00000000d5b80000,0x00000000d5c00000)
 ParOldGen       total 329728K, used 329723K [0x0000000080000000, 0x0000000094200000, 0x00000000d5580000)
  object space 329728K, 99% used [0x0000000080000000,0x00000000941fee58,0x0000000094200000)
 Metaspace       used 70094K, committed 71808K, reserved 1114112K
  class space    used 7359K, committed 8128K, reserved 1048576K
}

