<?xml version="1.0" encoding="UTF-8"?>
<testsuite xmlns:xsi="http://www.w3.org/2001/XMLSchema-instance" xsi:noNamespaceSchemaLocation="https://maven.apache.org/surefire/maven-surefire-plugin/xsd/surefire-test-report.xsd" version="3.0.2" name="vn.uit.edu.msshop.auth.AuthApplicationTests" time="31.849" tests="1" errors="0" skipped="0" failures="0">
  <properties>
[...]
</properties>
  <testcase name="contextLoads" classname="vn.uit.edu.msshop.auth.AuthApplicationTests" time="0.879">
    <system-out><![CDATA[15:53:20.573 [main] INFO org.springframework.test.context.support.AnnotationConfigContextLoaderUtils -- Could not detect default configuration classes for test class [vn.uit.edu.msshop.auth.AuthApplicationTests]: AuthApplicationTests does not declare any static, non-private, non-final, nested classes annotated with @Configuration.
15:53:20.728 [main] INFO org.springframework.boot.test.context.SpringBootTestContextBootstrapper -- Found @SpringBootConfiguration vn.uit.edu.msshop.auth.AuthApplication for test class vn.uit.edu.msshop.auth.AuthApplicationTests

  .   ____          _            __ _ _
 /\\ / ___'_ __ _ _(_)_ __  __ _ \ \ \ \
( ( )\___ | '_ | '_| | '_ \/ _` | \ \ \ \
 \\/  ___)| |_)| | | | | || (_| |  ) ) ) )
  '  |____| .__|_| |_|_| |_\__, | / / / /
 =========|_|==============|___/=/_/_/_/

 :: Spring Boot ::                (v4.0.3)

2026-03-10T15:53:22.439+07:00  INFO 19168 --- [auth-service] [           main] v.u.e.msshop.auth.AuthApplicationTests   : Starting AuthApplicationTests using Java 25 with PID 19168 (started by Admin in D:\kltn\microservice-shop\backend\services\auth-service\auth)
2026-03-10T15:53:22.440+07:00  INFO 19168 --- [auth-service] [           main] v.u.e.msshop.auth.AuthApplicationTests   : No active profile set, falling back to 1 default profile: "default"
2026-03-10T15:53:22.483+07:00  INFO 19168 --- [auth-service] [           main] o.s.c.c.c.ConfigServerConfigDataLoader   : Fetching config from server at : http://localhost:8888
2026-03-10T15:53:22.483+07:00  INFO 19168 --- [auth-service] [           main] o.s.c.c.c.ConfigServerConfigDataLoader   : Located environment: name=auth-service, profiles=[default], label=null, version=null, state=null
2026-03-10T15:53:23.684+07:00  INFO 19168 --- [auth-service] [           main] o.s.cloud.context.scope.GenericScope     : BeanFactory id=8eeeefda-cacf-390e-9082-a5269dcaae2d
Realmmmm========================ms_shop
2026-03-10T15:53:25.098+07:00  INFO 19168 --- [auth-service] [           main] o.s.v.b.OptionalValidatorFactoryBean     : Failed to set up a Bean Validation provider: jakarta.validation.NoProviderFoundException: Unable to create a Configuration, because no Jakarta Validation provider could be found. Add a provider like Hibernate Validator (RI) to your classpath.
2026-03-10T15:53:25.808+07:00  INFO 19168 --- [auth-service] [           main] DiscoveryClientOptionalArgsConfiguration : Eureka HTTP Client uses RestClient.
2026-03-10T15:53:25.865+07:00  WARN 19168 --- [auth-service] [           main] iguration$LoadBalancerCaffeineWarnLogger : Spring Cloud LoadBalancer is currently working with the default cache. While this cache implementation is useful for development and tests, it's recommended to use Caffeine cache in production.You can switch to using Caffeine cache, by adding it and org.springframework.cache.caffeine.CaffeineCacheManager to the classpath.
2026-03-10T15:53:50.610+07:00  INFO 19168 --- [auth-service] [           main] o.s.c.n.eureka.InstanceInfoFactory       : Setting initial instance status as: STARTING
2026-03-10T15:53:50.647+07:00  INFO 19168 --- [auth-service] [           main] com.netflix.discovery.DiscoveryClient    : Initializing Eureka in region us-east-1
2026-03-10T15:53:50.651+07:00  INFO 19168 --- [auth-service] [           main] c.n.d.s.r.aws.ConfigClusterResolver      : Resolving eureka endpoints via configuration
2026-03-10T15:53:50.663+07:00  INFO 19168 --- [auth-service] [           main] com.netflix.discovery.DiscoveryClient    : Disable delta property : false
2026-03-10T15:53:50.663+07:00  INFO 19168 --- [auth-service] [           main] com.netflix.discovery.DiscoveryClient    : Single vip registry refresh property : null
2026-03-10T15:53:50.664+07:00  INFO 19168 --- [auth-service] [           main] com.netflix.discovery.DiscoveryClient    : Force full registry fetch : false
2026-03-10T15:53:50.664+07:00  INFO 19168 --- [auth-service] [           main] com.netflix.discovery.DiscoveryClient    : Application is null : false
2026-03-10T15:53:50.664+07:00  INFO 19168 --- [auth-service] [           main] com.netflix.discovery.DiscoveryClient    : Registered Applications size is zero : true
2026-03-10T15:53:50.664+07:00  INFO 19168 --- [auth-service] [           main] com.netflix.discovery.DiscoveryClient    : Application version is -1: true
2026-03-10T15:53:50.664+07:00  INFO 19168 --- [auth-service] [           main] com.netflix.discovery.DiscoveryClient    : Getting all instance registry info from the eureka server
2026-03-10T15:53:51.088+07:00  INFO 19168 --- [auth-service] [           main] com.netflix.discovery.DiscoveryClient    : The response status is 200
2026-03-10T15:53:51.088+07:00  INFO 19168 --- [auth-service] [           main] com.netflix.discovery.DiscoveryClient    : Starting heartbeat executor: renew interval is: 30
2026-03-10T15:53:51.090+07:00  INFO 19168 --- [auth-service] [           main] c.n.discovery.InstanceInfoReplicator     : InstanceInfoReplicator onDemand update allowed rate per min is 4
2026-03-10T15:53:51.092+07:00  INFO 19168 --- [auth-service] [           main] com.netflix.discovery.DiscoveryClient    : Discovery Client initialized at timestamp 1773132831091 with initial instances count: 0
2026-03-10T15:53:51.096+07:00  INFO 19168 --- [auth-service] [           main] o.s.c.n.e.s.EurekaServiceRegistry        : Registering application AUTH-SERVICE with eureka with status UP
2026-03-10T15:53:51.097+07:00  INFO 19168 --- [auth-service] [           main] com.netflix.discovery.DiscoveryClient    : Saw local status change event StatusChangeEvent [timestamp=1773132831097, current=UP, previous=STARTING]
2026-03-10T15:53:51.099+07:00  INFO 19168 --- [auth-service] [foReplicator-%d] com.netflix.discovery.DiscoveryClient    : DiscoveryClient_AUTH-SERVICE/DESKTOP-EH79NQC.mshome.net:auth-service:8082: registering service...
2026-03-10T15:53:51.210+07:00  INFO 19168 --- [auth-service] [foReplicator-%d] com.netflix.discovery.DiscoveryClient    : DiscoveryClient_AUTH-SERVICE/DESKTOP-EH79NQC.mshome.net:auth-service:8082 - registration status: 204
2026-03-10T15:53:51.303+07:00  INFO 19168 --- [auth-service] [           main] v.u.e.msshop.auth.AuthApplicationTests   : Started AuthApplicationTests in 30.057 seconds (process running for 32.086)
]]></system-out>
    <system-err><![CDATA[Mockito is currently self-attaching to enable the inline-mock-maker. This will no longer work in future releases of the JDK. Please add Mockito as an agent to your build as described in Mockito's documentation: https://javadoc.io/doc/org.mockito/mockito-core/latest/org.mockito/org/mockito/Mockito.html#0.3
WARNING: A Java agent has been loaded dynamically (E:\M2\net\bytebuddy\byte-buddy-agent\1.17.8\byte-buddy-agent-1.17.8.jar)
WARNING: If a serviceability tool is in use, please run with -XX:+EnableDynamicAgentLoading to hide this warning
WARNING: If a serviceability tool is not in use, please run with -Djdk.instrument.traceUsage for more information
WARNING: Dynamic loading of agents will be disallowed by default in a future release
]]></system-err>
  </testcase>
</testsuite>