<?xml version="1.0" encoding="UTF-8"?>
<testsuite xmlns:xsi="http://www.w3.org/2001/XMLSchema-instance" xsi:noNamespaceSchemaLocation="https://maven.apache.org/surefire/maven-surefire-plugin/xsd/surefire-test-report.xsd" version="3.0.2" name="vn.uit.edu.msshop.image.ImageApplicationTests" time="3.611" tests="1" errors="0" skipped="0" failures="0">
  <properties>
[...]
</properties>
  <testcase name="contextLoads" classname="vn.uit.edu.msshop.image.ImageApplicationTests" time="0.549">
    <system-out><![CDATA[20:40:17.483 [main] INFO org.springframework.test.context.support.AnnotationConfigContextLoaderUtils -- Could not detect default configuration classes for test class [vn.uit.edu.msshop.image.ImageApplicationTests]: ImageApplicationTests does not declare any static, non-private, non-final, nested classes annotated with @Configuration.
20:40:17.589 [main] INFO org.springframework.boot.test.context.SpringBootTestContextBootstrapper -- Found @SpringBootConfiguration vn.uit.edu.msshop.image.ImageApplication for test class vn.uit.edu.msshop.image.ImageApplicationTests

  .   ____          _            __ _ _
 /\\ / ___'_ __ _ _(_)_ __  __ _ \ \ \ \
( ( )\___ | '_ | '_| | '_ \/ _` | \ \ \ \
 \\/  ___)| |_)| | | | | || (_| |  ) ) ) )
  '  |____| .__|_| |_|_| |_\__, | / / / /
 =========|_|==============|___/=/_/_/_/

 :: Spring Boot ::                (v4.0.3)

2026-03-09T20:40:18.422+07:00  INFO 14736 --- [image-service] [           main] v.u.e.m.image.ImageApplicationTests      : Starting ImageApplicationTests using Java 25 with PID 14736 (started by Admin in D:\kltn\microservice-shop\backend\services\image-service\image)
2026-03-09T20:40:18.424+07:00  INFO 14736 --- [image-service] [           main] v.u.e.m.image.ImageApplicationTests      : No active profile set, falling back to 1 default profile: "default"
2026-03-09T20:40:18.447+07:00  INFO 14736 --- [image-service] [           main] o.s.c.c.c.ConfigServerConfigDataLoader   : Fetching config from server at : http://localhost:8888
2026-03-09T20:40:18.448+07:00  INFO 14736 --- [image-service] [           main] o.s.c.c.c.ConfigServerConfigDataLoader   : Located environment: name=image-service, profiles=[default], label=null, version=null, state=null
2026-03-09T20:40:19.242+07:00  INFO 14736 --- [image-service] [           main] o.s.cloud.context.scope.GenericScope     : BeanFactory id=644bd744-b104-361e-8ab7-af5abb380aaa
2026-03-09T20:40:20.038+07:00  INFO 14736 --- [image-service] [           main] DiscoveryClientOptionalArgsConfiguration : Eureka HTTP Client uses RestClient.
2026-03-09T20:40:20.078+07:00  WARN 14736 --- [image-service] [           main] iguration$LoadBalancerCaffeineWarnLogger : Spring Cloud LoadBalancer is currently working with the default cache. While this cache implementation is useful for development and tests, it's recommended to use Caffeine cache in production.You can switch to using Caffeine cache, by adding it and org.springframework.cache.caffeine.CaffeineCacheManager to the classpath.
2026-03-09T20:40:20.106+07:00  INFO 14736 --- [image-service] [           main] o.s.c.n.eureka.InstanceInfoFactory       : Setting initial instance status as: STARTING
2026-03-09T20:40:20.132+07:00  INFO 14736 --- [image-service] [           main] com.netflix.discovery.DiscoveryClient    : Initializing Eureka in region us-east-1
2026-03-09T20:40:20.135+07:00  INFO 14736 --- [image-service] [           main] c.n.d.s.r.aws.ConfigClusterResolver      : Resolving eureka endpoints via configuration
2026-03-09T20:40:20.141+07:00  INFO 14736 --- [image-service] [           main] com.netflix.discovery.DiscoveryClient    : Disable delta property : false
2026-03-09T20:40:20.142+07:00  INFO 14736 --- [image-service] [           main] com.netflix.discovery.DiscoveryClient    : Single vip registry refresh property : null
2026-03-09T20:40:20.142+07:00  INFO 14736 --- [image-service] [           main] com.netflix.discovery.DiscoveryClient    : Force full registry fetch : false
2026-03-09T20:40:20.142+07:00  INFO 14736 --- [image-service] [           main] com.netflix.discovery.DiscoveryClient    : Application is null : false
2026-03-09T20:40:20.142+07:00  INFO 14736 --- [image-service] [           main] com.netflix.discovery.DiscoveryClient    : Registered Applications size is zero : true
2026-03-09T20:40:20.142+07:00  INFO 14736 --- [image-service] [           main] com.netflix.discovery.DiscoveryClient    : Application version is -1: true
2026-03-09T20:40:20.142+07:00  INFO 14736 --- [image-service] [           main] com.netflix.discovery.DiscoveryClient    : Getting all instance registry info from the eureka server
2026-03-09T20:40:20.339+07:00  INFO 14736 --- [image-service] [           main] com.netflix.discovery.DiscoveryClient    : The response status is 200
2026-03-09T20:40:20.342+07:00  INFO 14736 --- [image-service] [           main] com.netflix.discovery.DiscoveryClient    : Starting heartbeat executor: renew interval is: 30
2026-03-09T20:40:20.347+07:00  INFO 14736 --- [image-service] [           main] c.n.discovery.InstanceInfoReplicator     : InstanceInfoReplicator onDemand update allowed rate per min is 4
2026-03-09T20:40:20.349+07:00  INFO 14736 --- [image-service] [           main] com.netflix.discovery.DiscoveryClient    : Discovery Client initialized at timestamp 1773063620348 with initial instances count: 0
2026-03-09T20:40:20.357+07:00  INFO 14736 --- [image-service] [           main] o.s.c.n.e.s.EurekaServiceRegistry        : Registering application IMAGE-SERVICE with eureka with status UP
2026-03-09T20:40:20.358+07:00  INFO 14736 --- [image-service] [           main] com.netflix.discovery.DiscoveryClient    : Saw local status change event StatusChangeEvent [timestamp=1773063620358, current=UP, previous=STARTING]
2026-03-09T20:40:20.360+07:00  INFO 14736 --- [image-service] [foReplicator-%d] com.netflix.discovery.DiscoveryClient    : DiscoveryClient_IMAGE-SERVICE/DESKTOP-EH79NQC.mshome.net:image-service:8073: registering service...
2026-03-09T20:40:20.370+07:00  INFO 14736 --- [image-service] [           main] v.u.e.m.image.ImageApplicationTests      : Started ImageApplicationTests in 2.544 seconds (process running for 3.728)
2026-03-09T20:40:20.433+07:00  INFO 14736 --- [image-service] [foReplicator-%d] com.netflix.discovery.DiscoveryClient    : DiscoveryClient_IMAGE-SERVICE/DESKTOP-EH79NQC.mshome.net:image-service:8073 - registration status: 204
]]></system-out>
    <system-err><![CDATA[Mockito is currently self-attaching to enable the inline-mock-maker. This will no longer work in future releases of the JDK. Please add Mockito as an agent to your build as described in Mockito's documentation: https://javadoc.io/doc/org.mockito/mockito-core/latest/org.mockito/org/mockito/Mockito.html#0.3
WARNING: A Java agent has been loaded dynamically (E:\M2\net\bytebuddy\byte-buddy-agent\1.17.8\byte-buddy-agent-1.17.8.jar)
WARNING: If a serviceability tool is in use, please run with -XX:+EnableDynamicAgentLoading to hide this warning
WARNING: If a serviceability tool is not in use, please run with -Djdk.instrument.traceUsage for more information
WARNING: Dynamic loading of agents will be disallowed by default in a future release
]]></system-err>
  </testcase>
</testsuite>